{
  "stats": {
    "suites": 1,
    "tests": 1,
    "passes": 0,
    "pending": 0,
    "failures": 1,
    "start": "2025-12-14T22:00:14.589Z",
    "end": "2025-12-14T22:00:25.870Z",
    "duration": 11281,
    "testsRegistered": 1,
    "passPercent": 0,
    "pendingPercent": 0,
    "other": 0,
    "hasOther": false,
    "skipped": 0,
    "hasSkipped": false
  },
  "results": [
    {
      "uuid": "1234ab24-b4b6-453f-90b6-e98d8f71ff76",
      "title": "",
      "fullFile": "cypress\\e2e\\Garage\\garage_add_car_expenses.cy.js",
      "file": "cypress\\e2e\\Garage\\garage_add_car_expenses.cy.js",
      "beforeHooks": [],
      "afterHooks": [],
      "tests": [],
      "suites": [
        {
          "uuid": "de29d261-928e-425e-a545-7a5457fd4886",
          "title": "Garage and Fuel Expenses positive test",
          "fullFile": "",
          "file": "",
          "beforeHooks": [],
          "afterHooks": [],
          "tests": [
            {
              "title": "Should add a car and add fuel expense to the created car",
              "fullTitle": "Garage and Fuel Expenses positive test Should add a car and add fuel expense to the created car",
              "timedOut": null,
              "duration": 11238,
              "state": "failed",
              "speed": null,
              "pass": false,
              "fail": true,
              "pending": false,
              "context": null,
              "code": "const carData = {\n  brand: 'Audi',\n  model: 'A8',\n  mileage: '1000'\n};\n_garagePage.default.addCar(carData);\n_garagePage.default.assertLastAddedCarIs({\n  brand: carData.brand,\n  model: carData.model\n});\n_garagePage.default.getLastAddedCar().then(car => {\n  _garagePage.default.getLastAddedCar().contains('Audi A8').should('be.visible');\n  _garagePage.default.getAddFuelExpenseButtonForCar(car).click();\n});\n_expensesModal.default.addExpense({\n  mileage: '1100',\n  liters: '20',\n  totalCost: '1200'\n});\ncy.get('table.expenses_table tbody tr').should('have.length', 1).first().within(() => {\n  cy.get('td').eq(1).should('contain.text', '1100');\n  cy.get('td').eq(2).should('contain.text', '20L');\n  cy.get('td').eq(3).should('contain.text', '1200');\n});",
              "err": {
                "message": "AssertionError: Timed out retrying after 4000ms: Expected <app-add-expense-modal> not to exist in the DOM, but it was continuously found.",
                "estack": "AssertionError: Timed out retrying after 4000ms: Expected <app-add-expense-modal> not to exist in the DOM, but it was continuously found.\n    at ExpensesModal.addExpense (webpack://js-cypress/./cypress/pages/expensesModal.js:41:15)\n    at Context.eval (webpack://js-cypress/./cypress/e2e/Garage/garage_add_car_expenses.cy.js:28:18)",
                "diff": null
              },
              "uuid": "a8a5dbb6-b38b-4425-ad21-5cefd9e00bc0",
              "parentUUID": "de29d261-928e-425e-a545-7a5457fd4886",
              "isHook": false,
              "skipped": false
            }
          ],
          "suites": [],
          "passes": [],
          "failures": [
            "a8a5dbb6-b38b-4425-ad21-5cefd9e00bc0"
          ],
          "pending": [],
          "skipped": [],
          "duration": 11238,
          "root": false,
          "rootEmpty": false,
          "_timeout": 2000
        }
      ],
      "passes": [],
      "failures": [],
      "pending": [],
      "skipped": [],
      "duration": 0,
      "root": true,
      "rootEmpty": true,
      "_timeout": 2000
    }
  ],
  "meta": {
    "mocha": {
      "version": "7.2.0"
    },
    "mochawesome": {
      "options": {
        "quiet": false,
        "reportFilename": "mochawesome",
        "saveHtml": true,
        "saveJson": true,
        "consoleReporter": "spec",
        "useInlineDiffs": false,
        "code": true
      },
      "version": "7.1.4"
    },
    "marge": {
      "options": {
        "reportDir": "cypress/reports/qauto2",
        "overwrite": false,
        "html": true,
        "json": true
      },
      "version": "6.3.2"
    }
  }
}