{
  "stats": {
    "suites": 1,
    "tests": 5,
    "passes": 5,
    "pending": 0,
    "failures": 0,
    "start": "2025-12-14T18:44:52.741Z",
    "end": "2025-12-14T18:45:06.195Z",
    "duration": 13454,
    "testsRegistered": 5,
    "passPercent": 100,
    "pendingPercent": 0,
    "other": 0,
    "hasOther": false,
    "skipped": 0,
    "hasSkipped": false
  },
  "results": [
    {
      "uuid": "22ffff4b-60f9-44ea-ade9-bea9fcfea994",
      "title": "",
      "fullFile": "cypress\\e2e\\Registration\\register_negative_tests.cy.js",
      "file": "cypress\\e2e\\Registration\\register_negative_tests.cy.js",
      "beforeHooks": [],
      "afterHooks": [],
      "tests": [],
      "suites": [
        {
          "uuid": "44f95fb6-c5b1-442b-8436-73f9741cb0b8",
          "title": "Registration positive tests",
          "fullFile": "",
          "file": "",
          "beforeHooks": [],
          "afterHooks": [],
          "tests": [
            {
              "title": "Should not allow registration if user already exists",
              "fullTitle": "Registration positive tests Should not allow registration if user already exists",
              "timedOut": null,
              "duration": 4380,
              "state": "passed",
              "speed": "fast",
              "pass": true,
              "fail": false,
              "pending": false,
              "context": null,
              "code": "_registrationModal.default.fillForm({\n  name: 'Test',\n  lastName: 'TEST',\n  email: 'test11@test.com',\n  password: 'Password1',\n  repeatPassword: 'Password1'\n});\n_registrationModal.default.registerButton.click();\n_registrationModal.default.error('User already exists').should('be.visible');",
              "err": {},
              "uuid": "bf936d92-30e0-4312-97b7-be8a6f35d3b3",
              "parentUUID": "44f95fb6-c5b1-442b-8436-73f9741cb0b8",
              "isHook": false,
              "skipped": false
            },
            {
              "title": "Should not allow submit empty registration form",
              "fullTitle": "Registration positive tests Should not allow submit empty registration form",
              "timedOut": null,
              "duration": 814,
              "state": "passed",
              "speed": "fast",
              "pass": true,
              "fail": false,
              "pending": false,
              "context": null,
              "code": "_registrationModal.default.registerButton.should('be.disabled');",
              "err": {},
              "uuid": "25a9b162-aacc-42ad-909e-8425b5725957",
              "parentUUID": "44f95fb6-c5b1-442b-8436-73f9741cb0b8",
              "isHook": false,
              "skipped": false
            },
            {
              "title": "Register button should be disabled if at least one field is invalid",
              "fullTitle": "Registration positive tests Register button should be disabled if at least one field is invalid",
              "timedOut": null,
              "duration": 2802,
              "state": "passed",
              "speed": "fast",
              "pass": true,
              "fail": false,
              "pending": false,
              "context": null,
              "code": "_registrationModal.default.fillForm({\n  name: 'John',\n  lastName: 'Doe',\n  email: 'wrong-email',\n  password: 'Password1',\n  repeatPassword: 'Password1'\n});\n_registrationModal.default.registerButton.should('be.disabled');",
              "err": {},
              "uuid": "8a3c2501-e738-43e0-938f-54b2d18f59ce",
              "parentUUID": "44f95fb6-c5b1-442b-8436-73f9741cb0b8",
              "isHook": false,
              "skipped": false
            },
            {
              "title": "Should not accept invalid password",
              "fullTitle": "Registration positive tests Should not accept invalid password",
              "timedOut": null,
              "duration": 1683,
              "state": "passed",
              "speed": "fast",
              "pass": true,
              "fail": false,
              "pending": false,
              "context": null,
              "code": "_registrationModal.default.fillForm({\n  password: 'password',\n  repeatPassword: 'password'\n});\n_registrationModal.default.error(ERROR_MESSAGE.PASSWORD_ERROR).should('be.visible');\n_registrationModal.default.registerButton.should('be.disabled');",
              "err": {},
              "uuid": "04d0e5a5-7068-491a-ba2a-c43612a29381",
              "parentUUID": "44f95fb6-c5b1-442b-8436-73f9741cb0b8",
              "isHook": false,
              "skipped": false
            },
            {
              "title": "Should not allow registration if passwords do not match",
              "fullTitle": "Registration positive tests Should not allow registration if passwords do not match",
              "timedOut": null,
              "duration": 1774,
              "state": "passed",
              "speed": "fast",
              "pass": true,
              "fail": false,
              "pending": false,
              "context": null,
              "code": "_registrationModal.default.fillForm({\n  password: 'Password1',\n  repeatPassword: 'Password2'\n});\n_registrationModal.default.title.click();\n_registrationModal.default.error(ERROR_MESSAGE.PASSWORD_DO_NOT_MATCH).should('be.visible');\n_registrationModal.default.registerButton.should('be.disabled');",
              "err": {},
              "uuid": "425d0c74-54a8-4724-8142-610f5d35ae09",
              "parentUUID": "44f95fb6-c5b1-442b-8436-73f9741cb0b8",
              "isHook": false,
              "skipped": false
            }
          ],
          "suites": [],
          "passes": [
            "bf936d92-30e0-4312-97b7-be8a6f35d3b3",
            "25a9b162-aacc-42ad-909e-8425b5725957",
            "8a3c2501-e738-43e0-938f-54b2d18f59ce",
            "04d0e5a5-7068-491a-ba2a-c43612a29381",
            "425d0c74-54a8-4724-8142-610f5d35ae09"
          ],
          "failures": [],
          "pending": [],
          "skipped": [],
          "duration": 11453,
          "root": false,
          "rootEmpty": false,
          "_timeout": 2000
        }
      ],
      "passes": [],
      "failures": [],
      "pending": [],
      "skipped": [],
      "duration": 0,
      "root": true,
      "rootEmpty": true,
      "_timeout": 2000
    }
  ],
  "meta": {
    "mocha": {
      "version": "7.2.0"
    },
    "mochawesome": {
      "options": {
        "quiet": false,
        "reportFilename": "mochawesome",
        "saveHtml": true,
        "saveJson": true,
        "consoleReporter": "spec",
        "useInlineDiffs": false,
        "code": true
      },
      "version": "7.1.4"
    },
    "marge": {
      "options": {
        "reportDir": "cypress/reports/qauto",
        "overwrite": false,
        "html": true,
        "json": true
      },
      "version": "6.3.2"
    }
  }
}