{
  "stats": {
    "suites": 1,
    "tests": 1,
    "passes": 1,
    "pending": 0,
    "failures": 0,
    "start": "2025-12-14T18:44:36.755Z",
    "end": "2025-12-14T18:44:39.880Z",
    "duration": 3125,
    "testsRegistered": 1,
    "passPercent": 100,
    "pendingPercent": 0,
    "other": 0,
    "hasOther": false,
    "skipped": 0,
    "hasSkipped": false
  },
  "results": [
    {
      "uuid": "86bc7d15-9296-44d5-a20d-e33ca0125f81",
      "title": "",
      "fullFile": "cypress\\e2e\\Login\\login.cy.js",
      "file": "cypress\\e2e\\Login\\login.cy.js",
      "beforeHooks": [],
      "afterHooks": [],
      "tests": [],
      "suites": [
        {
          "uuid": "4e1c6d47-9deb-436a-89b7-5aca3a4bb6c5",
          "title": "Registration positive tests",
          "fullFile": "",
          "file": "",
          "beforeHooks": [],
          "afterHooks": [],
          "tests": [
            {
              "title": "Simple test",
              "fullTitle": "Registration positive tests Simple test",
              "timedOut": null,
              "duration": 3082,
              "state": "passed",
              "speed": "fast",
              "pass": true,
              "fail": false,
              "pending": false,
              "context": null,
              "code": "it('Should display Garage title', () => {\n  cy.find('h1').should('be.visible').and('have.text', 'Garage');\n});",
              "err": {},
              "uuid": "d6d3b6dd-22be-4843-b291-4c8e1fd88dd8",
              "parentUUID": "4e1c6d47-9deb-436a-89b7-5aca3a4bb6c5",
              "isHook": false,
              "skipped": false
            }
          ],
          "suites": [],
          "passes": [
            "d6d3b6dd-22be-4843-b291-4c8e1fd88dd8"
          ],
          "failures": [],
          "pending": [],
          "skipped": [],
          "duration": 3082,
          "root": false,
          "rootEmpty": false,
          "_timeout": 2000
        }
      ],
      "passes": [],
      "failures": [],
      "pending": [],
      "skipped": [],
      "duration": 0,
      "root": true,
      "rootEmpty": true,
      "_timeout": 2000
    }
  ],
  "meta": {
    "mocha": {
      "version": "7.2.0"
    },
    "mochawesome": {
      "options": {
        "quiet": false,
        "reportFilename": "mochawesome",
        "saveHtml": true,
        "saveJson": true,
        "consoleReporter": "spec",
        "useInlineDiffs": false,
        "code": true
      },
      "version": "7.1.4"
    },
    "marge": {
      "options": {
        "reportDir": "cypress/reports/qauto",
        "overwrite": false,
        "html": true,
        "json": true
      },
      "version": "6.3.2"
    }
  }
}